Using pre-set license
Built from '2020.3/staging' branch; Version is '2020.3.3f1 (76626098c1c4) revision 7758432'; Using compiler version '192528614'; Build Type 'Release'
OS: 'Windows 10 Enterprise; OS build 19043.1165; Version 2009; 64bit' Language: 'en' Physical Memory: 24503 MB
BatchMode: 1, IsHumanControllingUs: 0, StartBugReporterOnCrash: 0, Is64bit: 1, IsPro: 0

 COMMAND LINE ARGUMENTS:
C:\Program Files\Unity\Hub\Editor\2020.3.3f1\Editor\Unity.exe
-adb2
-batchMode
-noUpm
-name
AssetImportWorker0
-projectPath
C:/Users/chris-speedy/Documents/unity_projects/super_smashy_game
-logFile
Logs/AssetImportWorker0.log
-srvPort
1083
Successfully changed project path to: C:/Users/chris-speedy/Documents/unity_projects/super_smashy_game
C:/Users/chris-speedy/Documents/unity_projects/super_smashy_game
Using Asset Import Pipeline V2.
Refreshing native plugins compatible for Editor in 29.54 ms, found 0 plugins.
Preloading 0 native plugins for Editor in 0.00 ms.
Initialize engine version: 2020.3.3f1 (76626098c1c4)
[Subsystems] Discovering subsystems at path C:/Program Files/Unity/Hub/Editor/2020.3.3f1/Editor/Data/Resources/UnitySubsystems
[Subsystems] Discovering subsystems at path C:/Users/chris-speedy/Documents/unity_projects/super_smashy_game/Assets
GfxDevice: creating device client; threaded=0
Direct3D:
    Version:  Direct3D 11.0 [level 11.1]
    Renderer: NVIDIA GeForce GTX 1060 6GB (ID=0x1c03)
    Vendor:   
    VRAM:     6052 MB
    Driver:   27.21.14.6079
Initialize mono
Mono path[0] = 'C:/Program Files/Unity/Hub/Editor/2020.3.3f1/Editor/Data/Managed'
Mono path[1] = 'C:/Program Files/Unity/Hub/Editor/2020.3.3f1/Editor/Data/MonoBleedingEdge/lib/mono/unityjit'
Mono config path = 'C:/Program Files/Unity/Hub/Editor/2020.3.3f1/Editor/Data/MonoBleedingEdge/etc'
Using monoOptions --debugger-agent=transport=dt_socket,embedding=1,server=y,suspend=n,address=127.0.0.1:56324
Begin MonoManager ReloadAssembly
Registering precompiled unity dll's ...
Register platform support module: C:/Program Files/Unity/Hub/Editor/2020.3.3f1/Editor/Data/PlaybackEngines/WebGLSupport/UnityEditor.WebGL.Extensions.dll
Register platform support module: C:/Program Files/Unity/Hub/Editor/2020.3.3f1/Editor/Data/PlaybackEngines/MacStandaloneSupport/UnityEditor.OSXStandalone.Extensions.dll
Register platform support module: C:/Program Files/Unity/Hub/Editor/2020.3.3f1/Editor/Data/PlaybackEngines/WindowsStandaloneSupport/UnityEditor.WindowsStandalone.Extensions.dll
Register platform support module: C:/Program Files/Unity/Hub/Editor/2020.3.3f1/Editor/Data/PlaybackEngines/LinuxStandaloneSupport/UnityEditor.LinuxStandalone.Extensions.dll
Registered in 0.006846 seconds.
Native extension for LinuxStandalone target not found
Native extension for WindowsStandalone target not found
Native extension for OSXStandalone target not found
Native extension for WebGL target not found
Refreshing native plugins compatible for Editor in 26.79 ms, found 0 plugins.
Preloading 0 native plugins for Editor in 0.00 ms.
Invoked RoslynAnalysisRunner static constructor.
RoslynAnalysisRunner will not be running.
RoslynAnalysisRunner has terminated.
Mono: successfully reloaded assembly
- Completed reload, in  1.709 seconds
Platform modules already initialized, skipping
Registering precompiled user dll's ...
Registered in 0.001002 seconds.
Begin MonoManager ReloadAssembly
Native extension for LinuxStandalone target not found
Native extension for WindowsStandalone target not found
Native extension for OSXStandalone target not found
Native extension for WebGL target not found
Refreshing native plugins compatible for Editor in 0.24 ms, found 0 plugins.
Preloading 0 native plugins for Editor in 0.00 ms.
Invoked RoslynAnalysisRunner static constructor.
RoslynAnalysisRunner will not be running.
RoslynAnalysisRunner has terminated.
Mono: successfully reloaded assembly
- Completed reload, in  1.042 seconds
Platform modules already initialized, skipping
========================================================================
Worker process is ready to serve import requests
Launched and connected shader compiler UnityShaderCompiler.exe after 0.06 seconds
Refreshing native plugins compatible for Editor in 0.45 ms, found 0 plugins.
Preloading 0 native plugins for Editor in 0.00 ms.
Unloading 1115 Unused Serialized files (Serialized files now loaded: 0)
System memory in use before: 57.1 MB.
System memory in use after: 57.2 MB.

Unloading 10 unused Assets to reduce memory usage. Loaded Objects now: 1557.
Total: 2.057100 ms (FindLiveObjects: 0.190300 ms CreateObjectMapping: 0.030500 ms MarkObjects: 1.745600 ms  DeleteObjects: 0.089400 ms)

========================================================================
Received Import Request.
  path: Assets/Scenes
  artifactKey: Guid(cab9045f9608e4f4795093c9eaab1540) Importer(815301076,1909f56bfc062723c751e8b465ee728b)
Start importing Assets/Scenes using Guid(cab9045f9608e4f4795093c9eaab1540) Importer(815301076,1909f56bfc062723c751e8b465ee728b)  -> (artifact id: '09ee6d4d5782eecb4a603cae6e9be3f4') in 0.007201 seconds
  Import took 0.010849 seconds .

========================================================================
Received Prepare
Refreshing native plugins compatible for Editor in 1.17 ms, found 0 plugins.
Preloading 0 native plugins for Editor in 0.00 ms.
Unloading 3 Unused Serialized files (Serialized files now loaded: 0)
System memory in use before: 34.9 MB.
System memory in use after: 35.0 MB.

Unloading 3 unused Assets to reduce memory usage. Loaded Objects now: 1557.
Total: 3.853600 ms (FindLiveObjects: 0.377000 ms CreateObjectMapping: 0.043200 ms MarkObjects: 3.319200 ms  DeleteObjects: 0.109500 ms)

========================================================================
Received Prepare
Registering precompiled user dll's ...
Registered in 0.001001 seconds.
Begin MonoManager ReloadAssembly
Native extension for LinuxStandalone target not found
Native extension for WindowsStandalone target not found
Native extension for OSXStandalone target not found
Native extension for WebGL target not found
Refreshing native plugins compatible for Editor in 1.21 ms, found 0 plugins.
Preloading 0 native plugins for Editor in 0.00 ms.
Invoked RoslynAnalysisRunner static constructor.
RoslynAnalysisRunner will not be running.
RoslynAnalysisRunner has terminated.
Mono: successfully reloaded assembly
- Completed reload, in  0.996 seconds
Platform modules already initialized, skipping
Refreshing native plugins compatible for Editor in 0.50 ms, found 0 plugins.
Preloading 0 native plugins for Editor in 0.00 ms.
Unloading 1111 Unused Serialized files (Serialized files now loaded: 0)
System memory in use before: 57.1 MB.
System memory in use after: 57.2 MB.

Unloading 5 unused Assets to reduce memory usage. Loaded Objects now: 1561.
Total: 2.497900 ms (FindLiveObjects: 0.372200 ms CreateObjectMapping: 0.048800 ms MarkObjects: 2.002000 ms  DeleteObjects: 0.071400 ms)

========================================================================
Received Import Request.
  Time since last request: 404.269327 seconds.
  path: Assets/MoveToGoal.cs
  artifactKey: Guid(629ff759bc6f4a34db12ddf44931f025) Importer(815301076,1909f56bfc062723c751e8b465ee728b)
Start importing Assets/MoveToGoal.cs using Guid(629ff759bc6f4a34db12ddf44931f025) Importer(815301076,1909f56bfc062723c751e8b465ee728b)  -> (artifact id: 'd8d9a80263692721fb99f1090182e0b7') in 0.043912 seconds
  Import took 0.047467 seconds .

========================================================================
Received Prepare
Registering precompiled user dll's ...
Registered in 0.001060 seconds.
Begin MonoManager ReloadAssembly
Native extension for LinuxStandalone target not found
Native extension for WindowsStandalone target not found
Native extension for OSXStandalone target not found
Native extension for WebGL target not found
Refreshing native plugins compatible for Editor in 0.24 ms, found 0 plugins.
Preloading 0 native plugins for Editor in 0.00 ms.
Invoked RoslynAnalysisRunner static constructor.
RoslynAnalysisRunner will not be running.
RoslynAnalysisRunner has terminated.
Mono: successfully reloaded assembly
- Completed reload, in  0.961 seconds
Platform modules already initialized, skipping
Refreshing native plugins compatible for Editor in 0.23 ms, found 0 plugins.
Preloading 0 native plugins for Editor in 0.00 ms.
Unloading 1111 Unused Serialized files (Serialized files now loaded: 0)
System memory in use before: 57.1 MB.
System memory in use after: 57.2 MB.

Unloading 5 unused Assets to reduce memory usage. Loaded Objects now: 1564.
Total: 2.084300 ms (FindLiveObjects: 0.202600 ms CreateObjectMapping: 0.031800 ms MarkObjects: 1.784400 ms  DeleteObjects: 0.063300 ms)

========================================================================
Received Import Request.
  Time since last request: 933.544891 seconds.
  path: Assets
  artifactKey: Guid(00000000000000001000000000000000) Importer(815301076,1909f56bfc062723c751e8b465ee728b)
Start importing Assets using Guid(00000000000000001000000000000000) Importer(815301076,1909f56bfc062723c751e8b465ee728b)  -> (artifact id: 'b2e0e235c0f4af3754229b664788db90') in 0.007745 seconds
  Import took 0.012002 seconds .

========================================================================
Received Import Request.
  Time since last request: 16.723394 seconds.
  path: Assets/Floor.mat
  artifactKey: Guid(369fd122141c08a48be8e669175fc454) Importer(815301076,1909f56bfc062723c751e8b465ee728b)
Start importing Assets/Floor.mat using Guid(369fd122141c08a48be8e669175fc454) Importer(815301076,1909f56bfc062723c751e8b465ee728b)  -> (artifact id: 'c5c263678052d2ec06b4cc8a5f871f27') in 0.107564 seconds
  Import took 0.112316 seconds .

========================================================================
Received Import Request.
  Time since last request: 78.356875 seconds.
  path: Assets/groundDIFF.png
  artifactKey: Guid(79157f1436c46264c8816e795670f4c1) Importer(815301076,1909f56bfc062723c751e8b465ee728b)
Start importing Assets/groundDIFF.png using Guid(79157f1436c46264c8816e795670f4c1) Importer(815301076,1909f56bfc062723c751e8b465ee728b)  -> (artifact id: '7beb37a91c56fbd7dbf619544f6a3373') in 0.040247 seconds
  Import took 0.043838 seconds .

========================================================================
Received Import Request.
  Time since last request: 0.024765 seconds.
  path: Assets/groundDIFF.png
  artifactKey: Guid(79157f1436c46264c8816e795670f4c1) Importer(815301076,1909f56bfc062723c751e8b465ee728b)
Start importing Assets/groundDIFF.png using Guid(79157f1436c46264c8816e795670f4c1) Importer(815301076,1909f56bfc062723c751e8b465ee728b)  -> (artifact id: '7beb37a91c56fbd7dbf619544f6a3373') in 0.013684 seconds
  Import took 0.017440 seconds .

========================================================================
Received Import Request.
  Time since last request: 26.172200 seconds.
  path: Assets/player.mat
  artifactKey: Guid(130a185d904585c4281f2a55bf64ca73) Importer(815301076,1909f56bfc062723c751e8b465ee728b)
Start importing Assets/player.mat using Guid(130a185d904585c4281f2a55bf64ca73) Importer(815301076,1909f56bfc062723c751e8b465ee728b)  -> (artifact id: '66b60d42ee86b8496d764d4a17032ac8') in 0.013648 seconds
  Import took 0.017669 seconds .

========================================================================
Received Prepare
Registering precompiled user dll's ...
Registered in 0.001066 seconds.
Begin MonoManager ReloadAssembly
Native extension for LinuxStandalone target not found
Native extension for WindowsStandalone target not found
Native extension for OSXStandalone target not found
Native extension for WebGL target not found
Refreshing native plugins compatible for Editor in 0.27 ms, found 0 plugins.
Preloading 0 native plugins for Editor in 0.00 ms.
Invoked RoslynAnalysisRunner static constructor.
RoslynAnalysisRunner will not be running.
RoslynAnalysisRunner has terminated.
Mono: successfully reloaded assembly
- Completed reload, in  0.984 seconds
Platform modules already initialized, skipping
Refreshing native plugins compatible for Editor in 0.30 ms, found 0 plugins.
Preloading 0 native plugins for Editor in 0.00 ms.
Unloading 1111 Unused Serialized files (Serialized files now loaded: 0)
System memory in use before: 60.5 MB.
System memory in use after: 60.5 MB.

Unloading 5 unused Assets to reduce memory usage. Loaded Objects now: 1608.
Total: 2.693200 ms (FindLiveObjects: 0.186800 ms CreateObjectMapping: 0.031900 ms MarkObjects: 2.379100 ms  DeleteObjects: 0.093800 ms)

========================================================================
Received Prepare
Registering precompiled user dll's ...
Registered in 0.001027 seconds.
Begin MonoManager ReloadAssembly
Native extension for LinuxStandalone target not found
Native extension for WindowsStandalone target not found
Native extension for OSXStandalone target not found
Native extension for WebGL target not found
Refreshing native plugins compatible for Editor in 0.23 ms, found 0 plugins.
Preloading 0 native plugins for Editor in 0.00 ms.
Invoked RoslynAnalysisRunner static constructor.
RoslynAnalysisRunner will not be running.
RoslynAnalysisRunner has terminated.
Mono: successfully reloaded assembly
- Completed reload, in  0.981 seconds
Platform modules already initialized, skipping
Refreshing native plugins compatible for Editor in 0.54 ms, found 0 plugins.
Preloading 0 native plugins for Editor in 0.00 ms.
Unloading 1111 Unused Serialized files (Serialized files now loaded: 0)
System memory in use before: 60.5 MB.
System memory in use after: 60.5 MB.

Unloading 5 unused Assets to reduce memory usage. Loaded Objects now: 1611.
Total: 1.990400 ms (FindLiveObjects: 0.247700 ms CreateObjectMapping: 0.038900 ms MarkObjects: 1.630400 ms  DeleteObjects: 0.072000 ms)

========================================================================
Received Prepare
Registering precompiled user dll's ...
Registered in 0.001020 seconds.
Begin MonoManager ReloadAssembly
Native extension for LinuxStandalone target not found
Native extension for WindowsStandalone target not found
Native extension for OSXStandalone target not found
Native extension for WebGL target not found
Refreshing native plugins compatible for Editor in 0.23 ms, found 0 plugins.
Preloading 0 native plugins for Editor in 0.00 ms.
Invoked RoslynAnalysisRunner static constructor.
RoslynAnalysisRunner will not be running.
RoslynAnalysisRunner has terminated.
Mono: successfully reloaded assembly
- Completed reload, in  0.962 seconds
Platform modules already initialized, skipping
Refreshing native plugins compatible for Editor in 0.22 ms, found 0 plugins.
Preloading 0 native plugins for Editor in 0.00 ms.
Unloading 1111 Unused Serialized files (Serialized files now loaded: 0)
System memory in use before: 60.5 MB.
System memory in use after: 60.5 MB.

Unloading 5 unused Assets to reduce memory usage. Loaded Objects now: 1614.
Total: 1.917200 ms (FindLiveObjects: 0.176800 ms CreateObjectMapping: 0.035600 ms MarkObjects: 1.633000 ms  DeleteObjects: 0.070600 ms)

========================================================================
Received Prepare
Registering precompiled user dll's ...
Registered in 0.001334 seconds.
Begin MonoManager ReloadAssembly
Native extension for LinuxStandalone target not found
Native extension for WindowsStandalone target not found
Native extension for OSXStandalone target not found
Native extension for WebGL target not found
Refreshing native plugins compatible for Editor in 1.03 ms, found 0 plugins.
Preloading 0 native plugins for Editor in 0.00 ms.
Invoked RoslynAnalysisRunner static constructor.
RoslynAnalysisRunner will not be running.
RoslynAnalysisRunner has terminated.
Mono: successfully reloaded assembly
- Completed reload, in  0.944 seconds
Platform modules already initialized, skipping
Refreshing native plugins compatible for Editor in 0.23 ms, found 0 plugins.
Preloading 0 native plugins for Editor in 0.00 ms.
Unloading 1111 Unused Serialized files (Serialized files now loaded: 0)
System memory in use before: 60.5 MB.
System memory in use after: 60.5 MB.

Unloading 5 unused Assets to reduce memory usage. Loaded Objects now: 1617.
Total: 2.041800 ms (FindLiveObjects: 0.213000 ms CreateObjectMapping: 0.032400 ms MarkObjects: 1.726000 ms  DeleteObjects: 0.068700 ms)

========================================================================
Received Import Request.
  Time since last request: 488.688643 seconds.
  path: Assets/MoveToGoal.cs
  artifactKey: Guid(629ff759bc6f4a34db12ddf44931f025) Importer(815301076,1909f56bfc062723c751e8b465ee728b)
Start importing Assets/MoveToGoal.cs using Guid(629ff759bc6f4a34db12ddf44931f025) Importer(815301076,1909f56bfc062723c751e8b465ee728b)  -> (artifact id: 'ea44dd5668bad7a0ffe377affc216f6c') in 0.005976 seconds
  Import took 0.009655 seconds .

========================================================================
Received Import Request.
  Time since last request: 0.000775 seconds.
  path: Assets/MoveToGoal.cs
  artifactKey: Guid(629ff759bc6f4a34db12ddf44931f025) Importer(815301076,1909f56bfc062723c751e8b465ee728b)
Start importing Assets/MoveToGoal.cs using Guid(629ff759bc6f4a34db12ddf44931f025) Importer(815301076,1909f56bfc062723c751e8b465ee728b)  -> (artifact id: 'ea44dd5668bad7a0ffe377affc216f6c') in 0.004112 seconds
  Import took 0.008171 seconds .

========================================================================
Received Prepare
Registering precompiled user dll's ...
Registered in 0.001119 seconds.
Begin MonoManager ReloadAssembly
Native extension for LinuxStandalone target not found
Native extension for WindowsStandalone target not found
Native extension for OSXStandalone target not found
Native extension for WebGL target not found
Refreshing native plugins compatible for Editor in 0.23 ms, found 0 plugins.
Preloading 0 native plugins for Editor in 0.00 ms.
Invoked RoslynAnalysisRunner static constructor.
RoslynAnalysisRunner will not be running.
RoslynAnalysisRunner has terminated.
Mono: successfully reloaded assembly
- Completed reload, in  0.960 seconds
Platform modules already initialized, skipping
Refreshing native plugins compatible for Editor in 0.24 ms, found 0 plugins.
Preloading 0 native plugins for Editor in 0.00 ms.
Unloading 1111 Unused Serialized files (Serialized files now loaded: 0)
System memory in use before: 60.5 MB.
System memory in use after: 60.6 MB.

Unloading 5 unused Assets to reduce memory usage. Loaded Objects now: 1620.
Total: 2.622200 ms (FindLiveObjects: 0.265100 ms CreateObjectMapping: 0.038600 ms MarkObjects: 2.219200 ms  DeleteObjects: 0.096000 ms)

========================================================================
Received Prepare
Registering precompiled user dll's ...
Registered in 0.001032 seconds.
Begin MonoManager ReloadAssembly
Native extension for LinuxStandalone target not found
Native extension for WindowsStandalone target not found
Native extension for OSXStandalone target not found
Native extension for WebGL target not found
Refreshing native plugins compatible for Editor in 0.24 ms, found 0 plugins.
Preloading 0 native plugins for Editor in 0.00 ms.
Invoked RoslynAnalysisRunner static constructor.
RoslynAnalysisRunner will not be running.
RoslynAnalysisRunner has terminated.
Mono: successfully reloaded assembly
- Completed reload, in  0.991 seconds
Platform modules already initialized, skipping
Refreshing native plugins compatible for Editor in 0.26 ms, found 0 plugins.
Preloading 0 native plugins for Editor in 0.00 ms.
Unloading 1111 Unused Serialized files (Serialized files now loaded: 0)
System memory in use before: 60.5 MB.
System memory in use after: 60.6 MB.

Unloading 5 unused Assets to reduce memory usage. Loaded Objects now: 1623.
Total: 2.734200 ms (FindLiveObjects: 0.549000 ms CreateObjectMapping: 0.092200 ms MarkObjects: 1.998700 ms  DeleteObjects: 0.089200 ms)

========================================================================
Received Prepare
Registering precompiled user dll's ...
Registered in 0.001594 seconds.
Begin MonoManager ReloadAssembly
Native extension for LinuxStandalone target not found
Native extension for WindowsStandalone target not found
Native extension for OSXStandalone target not found
Native extension for WebGL target not found
Refreshing native plugins compatible for Editor in 0.27 ms, found 0 plugins.
Preloading 0 native plugins for Editor in 0.00 ms.
Invoked RoslynAnalysisRunner static constructor.
RoslynAnalysisRunner will not be running.
RoslynAnalysisRunner has terminated.
Mono: successfully reloaded assembly
- Completed reload, in  1.003 seconds
Platform modules already initialized, skipping
Refreshing native plugins compatible for Editor in 0.30 ms, found 0 plugins.
Preloading 0 native plugins for Editor in 0.00 ms.
Unloading 1111 Unused Serialized files (Serialized files now loaded: 0)
System memory in use before: 60.5 MB.
System memory in use after: 60.6 MB.

Unloading 5 unused Assets to reduce memory usage. Loaded Objects now: 1626.
Total: 1.951400 ms (FindLiveObjects: 0.209000 ms CreateObjectMapping: 0.038000 ms MarkObjects: 1.632900 ms  DeleteObjects: 0.070700 ms)

========================================================================
Received Prepare
Registering precompiled user dll's ...
Registered in 0.001042 seconds.
Begin MonoManager ReloadAssembly
Native extension for LinuxStandalone target not found
Native extension for WindowsStandalone target not found
Native extension for OSXStandalone target not found
Native extension for WebGL target not found
Refreshing native plugins compatible for Editor in 0.24 ms, found 0 plugins.
Preloading 0 native plugins for Editor in 0.00 ms.
Invoked RoslynAnalysisRunner static constructor.
RoslynAnalysisRunner will not be running.
RoslynAnalysisRunner has terminated.
Mono: successfully reloaded assembly
- Completed reload, in  0.913 seconds
Platform modules already initialized, skipping
Refreshing native plugins compatible for Editor in 0.58 ms, found 0 plugins.
Preloading 0 native plugins for Editor in 0.00 ms.
Unloading 1111 Unused Serialized files (Serialized files now loaded: 0)
System memory in use before: 60.5 MB.
System memory in use after: 60.6 MB.

Unloading 5 unused Assets to reduce memory usage. Loaded Objects now: 1629.
Total: 2.697700 ms (FindLiveObjects: 0.394800 ms CreateObjectMapping: 0.045300 ms MarkObjects: 2.156500 ms  DeleteObjects: 0.095900 ms)

========================================================================
Received Prepare
Registering precompiled user dll's ...
Registered in 0.000958 seconds.
Begin MonoManager ReloadAssembly
Native extension for LinuxStandalone target not found
Native extension for WindowsStandalone target not found
Native extension for OSXStandalone target not found
Native extension for WebGL target not found
Refreshing native plugins compatible for Editor in 0.23 ms, found 0 plugins.
Preloading 0 native plugins for Editor in 0.00 ms.
Invoked RoslynAnalysisRunner static constructor.
RoslynAnalysisRunner will not be running.
RoslynAnalysisRunner has terminated.
Mono: successfully reloaded assembly
- Completed reload, in  0.987 seconds
Platform modules already initialized, skipping
Refreshing native plugins compatible for Editor in 0.23 ms, found 0 plugins.
Preloading 0 native plugins for Editor in 0.00 ms.
Unloading 1111 Unused Serialized files (Serialized files now loaded: 0)
System memory in use before: 60.5 MB.
System memory in use after: 60.6 MB.

Unloading 5 unused Assets to reduce memory usage. Loaded Objects now: 1632.
Total: 1.962000 ms (FindLiveObjects: 0.171300 ms CreateObjectMapping: 0.030800 ms MarkObjects: 1.696400 ms  DeleteObjects: 0.062800 ms)

========================================================================
Received Prepare
Registering precompiled user dll's ...
Registered in 0.001141 seconds.
Begin MonoManager ReloadAssembly
Native extension for LinuxStandalone target not found
Native extension for WindowsStandalone target not found
Native extension for OSXStandalone target not found
Native extension for WebGL target not found
Refreshing native plugins compatible for Editor in 0.23 ms, found 0 plugins.
Preloading 0 native plugins for Editor in 0.00 ms.
Invoked RoslynAnalysisRunner static constructor.
RoslynAnalysisRunner will not be running.
RoslynAnalysisRunner has terminated.
Mono: successfully reloaded assembly
- Completed reload, in  0.955 seconds
Platform modules already initialized, skipping
Refreshing native plugins compatible for Editor in 0.23 ms, found 0 plugins.
Preloading 0 native plugins for Editor in 0.00 ms.
Unloading 1112 Unused Serialized files (Serialized files now loaded: 0)
System memory in use before: 60.5 MB.
System memory in use after: 60.6 MB.

Unloading 5 unused Assets to reduce memory usage. Loaded Objects now: 1636.
Total: 1.920900 ms (FindLiveObjects: 0.199500 ms CreateObjectMapping: 0.033300 ms MarkObjects: 1.627700 ms  DeleteObjects: 0.059400 ms)

========================================================================
Received Import Request.
  Time since last request: 3065.339215 seconds.
  path: Assets/CameraController.cs
  artifactKey: Guid(1642169f6bcd9b64d84f964ff3b1be7d) Importer(815301076,1909f56bfc062723c751e8b465ee728b)
Start importing Assets/CameraController.cs using Guid(1642169f6bcd9b64d84f964ff3b1be7d) Importer(815301076,1909f56bfc062723c751e8b465ee728b)  -> (artifact id: '02613c5db08f21dc411e1aa4a901158d') in 0.008903 seconds
  Import took 0.012906 seconds .

========================================================================
Received Import Request.
  Time since last request: 0.001574 seconds.
  path: Assets/CameraController.cs
  artifactKey: Guid(1642169f6bcd9b64d84f964ff3b1be7d) Importer(815301076,1909f56bfc062723c751e8b465ee728b)
Start importing Assets/CameraController.cs using Guid(1642169f6bcd9b64d84f964ff3b1be7d) Importer(815301076,1909f56bfc062723c751e8b465ee728b)  -> (artifact id: '02613c5db08f21dc411e1aa4a901158d') in 0.004232 seconds
  Import took 0.007871 seconds .

========================================================================
Received Prepare
Registering precompiled user dll's ...
Registered in 0.001005 seconds.
Begin MonoManager ReloadAssembly
Native extension for LinuxStandalone target not found
Native extension for WindowsStandalone target not found
Native extension for OSXStandalone target not found
Native extension for WebGL target not found
Refreshing native plugins compatible for Editor in 0.23 ms, found 0 plugins.
Preloading 0 native plugins for Editor in 0.00 ms.
Invoked RoslynAnalysisRunner static constructor.
RoslynAnalysisRunner will not be running.
RoslynAnalysisRunner has terminated.
Mono: successfully reloaded assembly
- Completed reload, in  0.950 seconds
Platform modules already initialized, skipping
Refreshing native plugins compatible for Editor in 0.47 ms, found 0 plugins.
Preloading 0 native plugins for Editor in 0.00 ms.
Unloading 1112 Unused Serialized files (Serialized files now loaded: 0)
System memory in use before: 60.5 MB.
System memory in use after: 60.6 MB.

Unloading 5 unused Assets to reduce memory usage. Loaded Objects now: 1639.
Total: 2.254000 ms (FindLiveObjects: 0.188900 ms CreateObjectMapping: 0.031500 ms MarkObjects: 1.957600 ms  DeleteObjects: 0.074600 ms)

========================================================================
Received Prepare
Registering precompiled user dll's ...
Registered in 0.000994 seconds.
Begin MonoManager ReloadAssembly
Native extension for LinuxStandalone target not found
Native extension for WindowsStandalone target not found
Native extension for OSXStandalone target not found
Native extension for WebGL target not found
Refreshing native plugins compatible for Editor in 0.26 ms, found 0 plugins.
Preloading 0 native plugins for Editor in 0.00 ms.
Invoked RoslynAnalysisRunner static constructor.
RoslynAnalysisRunner will not be running.
RoslynAnalysisRunner has terminated.
Mono: successfully reloaded assembly
- Completed reload, in  0.952 seconds
Platform modules already initialized, skipping
Refreshing native plugins compatible for Editor in 0.35 ms, found 0 plugins.
Preloading 0 native plugins for Editor in 0.00 ms.
Unloading 1112 Unused Serialized files (Serialized files now loaded: 0)
System memory in use before: 60.5 MB.
System memory in use after: 60.6 MB.

Unloading 5 unused Assets to reduce memory usage. Loaded Objects now: 1642.
Total: 3.748800 ms (FindLiveObjects: 0.525500 ms CreateObjectMapping: 0.050800 ms MarkObjects: 3.071400 ms  DeleteObjects: 0.093200 ms)

========================================================================
Received Prepare
Registering precompiled user dll's ...
Registered in 0.001389 seconds.
Begin MonoManager ReloadAssembly
Native extension for LinuxStandalone target not found
Native extension for WindowsStandalone target not found
Native extension for OSXStandalone target not found
Native extension for WebGL target not found
Refreshing native plugins compatible for Editor in 0.25 ms, found 0 plugins.
Preloading 0 native plugins for Editor in 0.00 ms.
Invoked RoslynAnalysisRunner static constructor.
RoslynAnalysisRunner will not be running.
RoslynAnalysisRunner has terminated.
Mono: successfully reloaded assembly
- Completed reload, in  1.002 seconds
Platform modules already initialized, skipping
Refreshing native plugins compatible for Editor in 0.23 ms, found 0 plugins.
Preloading 0 native plugins for Editor in 0.00 ms.
Unloading 1112 Unused Serialized files (Serialized files now loaded: 0)
System memory in use before: 60.5 MB.
System memory in use after: 60.6 MB.

Unloading 5 unused Assets to reduce memory usage. Loaded Objects now: 1645.
Total: 5.779600 ms (FindLiveObjects: 0.628200 ms CreateObjectMapping: 0.048600 ms MarkObjects: 5.001300 ms  DeleteObjects: 0.096200 ms)

========================================================================
Received Prepare
Registering precompiled user dll's ...
Registered in 0.001200 seconds.
Begin MonoManager ReloadAssembly
Native extension for LinuxStandalone target not found
Native extension for WindowsStandalone target not found
Native extension for OSXStandalone target not found
Native extension for WebGL target not found
Refreshing native plugins compatible for Editor in 0.24 ms, found 0 plugins.
Preloading 0 native plugins for Editor in 0.00 ms.
Invoked RoslynAnalysisRunner static constructor.
RoslynAnalysisRunner will not be running.
RoslynAnalysisRunner has terminated.
Mono: successfully reloaded assembly
- Completed reload, in  0.977 seconds
Platform modules already initialized, skipping
Refreshing native plugins compatible for Editor in 0.25 ms, found 0 plugins.
Preloading 0 native plugins for Editor in 0.00 ms.
Unloading 1112 Unused Serialized files (Serialized files now loaded: 0)
System memory in use before: 60.6 MB.
System memory in use after: 60.6 MB.

Unloading 5 unused Assets to reduce memory usage. Loaded Objects now: 1648.
Total: 1.973800 ms (FindLiveObjects: 0.214700 ms CreateObjectMapping: 0.034500 ms MarkObjects: 1.655300 ms  DeleteObjects: 0.066900 ms)

========================================================================
Received Prepare
Registering precompiled user dll's ...
Registered in 0.001069 seconds.
Begin MonoManager ReloadAssembly
Native extension for LinuxStandalone target not found
Native extension for WindowsStandalone target not found
Native extension for OSXStandalone target not found
Native extension for WebGL target not found
Refreshing native plugins compatible for Editor in 0.24 ms, found 0 plugins.
Preloading 0 native plugins for Editor in 0.00 ms.
Invoked RoslynAnalysisRunner static constructor.
RoslynAnalysisRunner will not be running.
RoslynAnalysisRunner has terminated.
Mono: successfully reloaded assembly
- Completed reload, in  0.924 seconds
Platform modules already initialized, skipping
Refreshing native plugins compatible for Editor in 0.24 ms, found 0 plugins.
Preloading 0 native plugins for Editor in 0.00 ms.
Unloading 1112 Unused Serialized files (Serialized files now loaded: 0)
System memory in use before: 60.6 MB.
System memory in use after: 60.6 MB.

Unloading 5 unused Assets to reduce memory usage. Loaded Objects now: 1651.
Total: 1.863400 ms (FindLiveObjects: 0.181800 ms CreateObjectMapping: 0.031300 ms MarkObjects: 1.584800 ms  DeleteObjects: 0.064400 ms)

========================================================================
Received Prepare
Registering precompiled user dll's ...
Registered in 0.001450 seconds.
Begin MonoManager ReloadAssembly
Native extension for LinuxStandalone target not found
Native extension for WindowsStandalone target not found
Native extension for OSXStandalone target not found
Native extension for WebGL target not found
Refreshing native plugins compatible for Editor in 0.57 ms, found 0 plugins.
Preloading 0 native plugins for Editor in 0.00 ms.
Invoked RoslynAnalysisRunner static constructor.
RoslynAnalysisRunner will not be running.
RoslynAnalysisRunner has terminated.
Mono: successfully reloaded assembly
- Completed reload, in  0.978 seconds
Platform modules already initialized, skipping
Refreshing native plugins compatible for Editor in 0.32 ms, found 0 plugins.
Preloading 0 native plugins for Editor in 0.00 ms.
Unloading 1112 Unused Serialized files (Serialized files now loaded: 0)
System memory in use before: 60.6 MB.
System memory in use after: 60.6 MB.

Unloading 5 unused Assets to reduce memory usage. Loaded Objects now: 1654.
Total: 1.861900 ms (FindLiveObjects: 0.194200 ms CreateObjectMapping: 0.030500 ms MarkObjects: 1.572100 ms  DeleteObjects: 0.064000 ms)

========================================================================
Received Import Request.
  Time since last request: 2469.776701 seconds.
  path: Assets/MoveToGoal.cs
  artifactKey: Guid(629ff759bc6f4a34db12ddf44931f025) Importer(815301076,1909f56bfc062723c751e8b465ee728b)
Start importing Assets/MoveToGoal.cs using Guid(629ff759bc6f4a34db12ddf44931f025) Importer(815301076,1909f56bfc062723c751e8b465ee728b)  -> (artifact id: '7c163abf50a981b781821af6b9d18dfc') in 0.008435 seconds
  Import took 0.013930 seconds .

========================================================================
Received Prepare
Registering precompiled user dll's ...
Registered in 0.001079 seconds.
Begin MonoManager ReloadAssembly
Native extension for LinuxStandalone target not found
Native extension for WindowsStandalone target not found
Native extension for OSXStandalone target not found
Native extension for WebGL target not found
Refreshing native plugins compatible for Editor in 0.27 ms, found 0 plugins.
Preloading 0 native plugins for Editor in 0.00 ms.
Invoked RoslynAnalysisRunner static constructor.
RoslynAnalysisRunner will not be running.
RoslynAnalysisRunner has terminated.
Mono: successfully reloaded assembly
- Completed reload, in  0.951 seconds
Platform modules already initialized, skipping
Refreshing native plugins compatible for Editor in 0.23 ms, found 0 plugins.
Preloading 0 native plugins for Editor in 0.00 ms.
Unloading 1112 Unused Serialized files (Serialized files now loaded: 0)
System memory in use before: 60.6 MB.
System memory in use after: 60.6 MB.

Unloading 5 unused Assets to reduce memory usage. Loaded Objects now: 1657.
Total: 2.565100 ms (FindLiveObjects: 0.394300 ms CreateObjectMapping: 0.042400 ms MarkObjects: 2.052500 ms  DeleteObjects: 0.072300 ms)

========================================================================
Received Prepare
Registering precompiled user dll's ...
Registered in 0.001052 seconds.
Begin MonoManager ReloadAssembly
Native extension for LinuxStandalone target not found
Native extension for WindowsStandalone target not found
Native extension for OSXStandalone target not found
Native extension for WebGL target not found
Refreshing native plugins compatible for Editor in 0.25 ms, found 0 plugins.
Preloading 0 native plugins for Editor in 0.00 ms.
Invoked RoslynAnalysisRunner static constructor.
RoslynAnalysisRunner will not be running.
RoslynAnalysisRunner has terminated.
Mono: successfully reloaded assembly
- Completed reload, in  0.980 seconds
Platform modules already initialized, skipping
Refreshing native plugins compatible for Editor in 0.24 ms, found 0 plugins.
Preloading 0 native plugins for Editor in 0.00 ms.
Unloading 1112 Unused Serialized files (Serialized files now loaded: 0)
System memory in use before: 60.6 MB.
System memory in use after: 60.6 MB.

Unloading 5 unused Assets to reduce memory usage. Loaded Objects now: 1660.
Total: 3.404800 ms (FindLiveObjects: 0.419300 ms CreateObjectMapping: 0.041400 ms MarkObjects: 2.854900 ms  DeleteObjects: 0.085600 ms)

========================================================================
Received Prepare
Registering precompiled user dll's ...
Registered in 0.000999 seconds.
Begin MonoManager ReloadAssembly
Native extension for LinuxStandalone target not found
Native extension for WindowsStandalone target not found
Native extension for OSXStandalone target not found
Native extension for WebGL target not found
Refreshing native plugins compatible for Editor in 0.28 ms, found 0 plugins.
Preloading 0 native plugins for Editor in 0.00 ms.
Invoked RoslynAnalysisRunner static constructor.
RoslynAnalysisRunner will not be running.
RoslynAnalysisRunner has terminated.
Mono: successfully reloaded assembly
- Completed reload, in  1.014 seconds
Platform modules already initialized, skipping
Refreshing native plugins compatible for Editor in 0.25 ms, found 0 plugins.
Preloading 0 native plugins for Editor in 0.00 ms.
Unloading 1112 Unused Serialized files (Serialized files now loaded: 0)
System memory in use before: 60.6 MB.
System memory in use after: 60.7 MB.

Unloading 5 unused Assets to reduce memory usage. Loaded Objects now: 1663.
Total: 2.406900 ms (FindLiveObjects: 0.231400 ms CreateObjectMapping: 0.036500 ms MarkObjects: 2.070400 ms  DeleteObjects: 0.067200 ms)

========================================================================
Received Prepare
Registering precompiled user dll's ...
Registered in 0.000975 seconds.
Begin MonoManager ReloadAssembly
Native extension for LinuxStandalone target not found
Native extension for WindowsStandalone target not found
Native extension for OSXStandalone target not found
Native extension for WebGL target not found
Refreshing native plugins compatible for Editor in 0.25 ms, found 0 plugins.
Preloading 0 native plugins for Editor in 0.00 ms.
Invoked RoslynAnalysisRunner static constructor.
RoslynAnalysisRunner will not be running.
RoslynAnalysisRunner has terminated.
Mono: successfully reloaded assembly
- Completed reload, in  0.957 seconds
Platform modules already initialized, skipping
Refreshing native plugins compatible for Editor in 0.31 ms, found 0 plugins.
Preloading 0 native plugins for Editor in 0.00 ms.
Unloading 1112 Unused Serialized files (Serialized files now loaded: 0)
System memory in use before: 60.6 MB.
System memory in use after: 60.7 MB.

Unloading 5 unused Assets to reduce memory usage. Loaded Objects now: 1666.
Total: 1.884400 ms (FindLiveObjects: 0.188700 ms CreateObjectMapping: 0.031400 ms MarkObjects: 1.599200 ms  DeleteObjects: 0.064100 ms)

========================================================================
Received Prepare
Registering precompiled user dll's ...
Registered in 0.001071 seconds.
Begin MonoManager ReloadAssembly
Native extension for LinuxStandalone target not found
Native extension for WindowsStandalone target not found
Native extension for OSXStandalone target not found
Native extension for WebGL target not found
Refreshing native plugins compatible for Editor in 0.24 ms, found 0 plugins.
Preloading 0 native plugins for Editor in 0.00 ms.
Invoked RoslynAnalysisRunner static constructor.
RoslynAnalysisRunner will not be running.
RoslynAnalysisRunner has terminated.
Mono: successfully reloaded assembly
- Completed reload, in  0.972 seconds
Platform modules already initialized, skipping
Refreshing native plugins compatible for Editor in 0.23 ms, found 0 plugins.
Preloading 0 native plugins for Editor in 0.00 ms.
Unloading 1112 Unused Serialized files (Serialized files now loaded: 0)
System memory in use before: 60.6 MB.
System memory in use after: 60.7 MB.

Unloading 5 unused Assets to reduce memory usage. Loaded Objects now: 1669.
Total: 1.923100 ms (FindLiveObjects: 0.204300 ms CreateObjectMapping: 0.031400 ms MarkObjects: 1.625400 ms  DeleteObjects: 0.061200 ms)

========================================================================
Received Prepare
Registering precompiled user dll's ...
Registered in 0.001020 seconds.
Begin MonoManager ReloadAssembly
Native extension for LinuxStandalone target not found
Native extension for WindowsStandalone target not found
Native extension for OSXStandalone target not found
Native extension for WebGL target not found
Refreshing native plugins compatible for Editor in 0.24 ms, found 0 plugins.
Preloading 0 native plugins for Editor in 0.00 ms.
Invoked RoslynAnalysisRunner static constructor.
RoslynAnalysisRunner will not be running.
RoslynAnalysisRunner has terminated.
Mono: successfully reloaded assembly
- Completed reload, in  0.964 seconds
Platform modules already initialized, skipping
Refreshing native plugins compatible for Editor in 0.26 ms, found 0 plugins.
Preloading 0 native plugins for Editor in 0.00 ms.
Unloading 1117 Unused Serialized files (Serialized files now loaded: 0)
System memory in use before: 60.7 MB.
System memory in use after: 60.8 MB.

Unloading 5 unused Assets to reduce memory usage. Loaded Objects now: 1677.
Total: 1.884000 ms (FindLiveObjects: 0.204200 ms CreateObjectMapping: 0.031200 ms MarkObjects: 1.585700 ms  DeleteObjects: 0.061400 ms)

========================================================================
Received Import Request.
  Time since last request: 522.498033 seconds.
  path: Assets/CameraController.cs
  artifactKey: Guid(1642169f6bcd9b64d84f964ff3b1be7d) Importer(815301076,1909f56bfc062723c751e8b465ee728b)
Start importing Assets/CameraController.cs using Guid(1642169f6bcd9b64d84f964ff3b1be7d) Importer(815301076,1909f56bfc062723c751e8b465ee728b)  -> (artifact id: '981fd69ce945ddb196ef77c1a5a152c5') in 0.005595 seconds
  Import took 0.009251 seconds .

========================================================================
Received Import Request.
  Time since last request: 0.003187 seconds.
  path: Assets/CameraController.cs
  artifactKey: Guid(1642169f6bcd9b64d84f964ff3b1be7d) Importer(815301076,1909f56bfc062723c751e8b465ee728b)
Start importing Assets/CameraController.cs using Guid(1642169f6bcd9b64d84f964ff3b1be7d) Importer(815301076,1909f56bfc062723c751e8b465ee728b)  -> (artifact id: '981fd69ce945ddb196ef77c1a5a152c5') in 0.004216 seconds
  Import took 0.008807 seconds .

========================================================================
Received Import Request.
  Time since last request: 0.797346 seconds.
  path: Assets/Bob.cs
  artifactKey: Guid(3fe2b8afc16907541aaf0f8dd7236488) Importer(815301076,1909f56bfc062723c751e8b465ee728b)
Start importing Assets/Bob.cs using Guid(3fe2b8afc16907541aaf0f8dd7236488) Importer(815301076,1909f56bfc062723c751e8b465ee728b)  -> (artifact id: '4ec74ff75712671afee3afe07d82c110') in 0.003569 seconds
  Import took 0.007738 seconds .

========================================================================
Received Import Request.
  Time since last request: 0.001986 seconds.
  path: Assets/Bob.cs
  artifactKey: Guid(3fe2b8afc16907541aaf0f8dd7236488) Importer(815301076,1909f56bfc062723c751e8b465ee728b)
Start importing Assets/Bob.cs using Guid(3fe2b8afc16907541aaf0f8dd7236488) Importer(815301076,1909f56bfc062723c751e8b465ee728b)  -> (artifact id: '4ec74ff75712671afee3afe07d82c110') in 0.004621 seconds
  Import took 0.008667 seconds .

========================================================================
Received Import Request.
  Time since last request: 3.675969 seconds.
  path: Assets/FollowPlayer.cs
  artifactKey: Guid(5c572cb6f0cd1c84daa7ccd385d58865) Importer(815301076,1909f56bfc062723c751e8b465ee728b)
Start importing Assets/FollowPlayer.cs using Guid(5c572cb6f0cd1c84daa7ccd385d58865) Importer(815301076,1909f56bfc062723c751e8b465ee728b)  -> (artifact id: 'dd2e62feb1578761de63f7fc13300309') in 0.005159 seconds
  Import took 0.009070 seconds .

========================================================================
Received Import Request.
  Time since last request: 0.030036 seconds.
  path: Assets/FollowPlayer.cs
  artifactKey: Guid(5c572cb6f0cd1c84daa7ccd385d58865) Importer(815301076,1909f56bfc062723c751e8b465ee728b)
Start importing Assets/FollowPlayer.cs using Guid(5c572cb6f0cd1c84daa7ccd385d58865) Importer(815301076,1909f56bfc062723c751e8b465ee728b)  -> (artifact id: 'dd2e62feb1578761de63f7fc13300309') in 0.003222 seconds
  Import took 0.006819 seconds .

========================================================================
Received Import Request.
  Time since last request: 3.118002 seconds.
  path: Assets/MoveToGoal.cs
  artifactKey: Guid(629ff759bc6f4a34db12ddf44931f025) Importer(815301076,1909f56bfc062723c751e8b465ee728b)
Start importing Assets/MoveToGoal.cs using Guid(629ff759bc6f4a34db12ddf44931f025) Importer(815301076,1909f56bfc062723c751e8b465ee728b)  -> (artifact id: 'fcf1463ad8ded06d4c7712b0037bb4d0') in 0.003090 seconds
  Import took 0.006851 seconds .

========================================================================
Received Import Request.
  Time since last request: 0.002042 seconds.
  path: Assets/MoveToGoal.cs
  artifactKey: Guid(629ff759bc6f4a34db12ddf44931f025) Importer(815301076,1909f56bfc062723c751e8b465ee728b)
Start importing Assets/MoveToGoal.cs using Guid(629ff759bc6f4a34db12ddf44931f025) Importer(815301076,1909f56bfc062723c751e8b465ee728b)  -> (artifact id: 'fcf1463ad8ded06d4c7712b0037bb4d0') in 0.003305 seconds
  Import took 0.006788 seconds .

========================================================================
Received Import Request.
  Time since last request: 0.466584 seconds.
  path: Assets/Patrol.cs
  artifactKey: Guid(3805b454973464b4a87dd68056600072) Importer(815301076,1909f56bfc062723c751e8b465ee728b)
Start importing Assets/Patrol.cs using Guid(3805b454973464b4a87dd68056600072) Importer(815301076,1909f56bfc062723c751e8b465ee728b)  -> (artifact id: '278fdfced4b7b9ac470ee0027a1cefbf') in 0.003461 seconds
  Import took 0.008748 seconds .

========================================================================
Received Import Request.
  Time since last request: 0.001445 seconds.
  path: Assets/Patrol.cs
  artifactKey: Guid(3805b454973464b4a87dd68056600072) Importer(815301076,1909f56bfc062723c751e8b465ee728b)
Start importing Assets/Patrol.cs using Guid(3805b454973464b4a87dd68056600072) Importer(815301076,1909f56bfc062723c751e8b465ee728b)  -> (artifact id: '278fdfced4b7b9ac470ee0027a1cefbf') in 0.004862 seconds
  Import took 0.009004 seconds .

========================================================================
Received Import Request.
  Time since last request: 2.150927 seconds.
  path: Assets/Spin.cs
  artifactKey: Guid(913868a0518518545bfbeacbf01e6c18) Importer(815301076,1909f56bfc062723c751e8b465ee728b)
Start importing Assets/Spin.cs using Guid(913868a0518518545bfbeacbf01e6c18) Importer(815301076,1909f56bfc062723c751e8b465ee728b)  -> (artifact id: '4cfd8cc4757eff24970f950f206da3b7') in 0.003691 seconds
  Import took 0.007322 seconds .

========================================================================
Received Import Request.
  Time since last request: 0.001945 seconds.
  path: Assets/Spin.cs
  artifactKey: Guid(913868a0518518545bfbeacbf01e6c18) Importer(815301076,1909f56bfc062723c751e8b465ee728b)
Start importing Assets/Spin.cs using Guid(913868a0518518545bfbeacbf01e6c18) Importer(815301076,1909f56bfc062723c751e8b465ee728b)  -> (artifact id: '4cfd8cc4757eff24970f950f206da3b7') in 0.003267 seconds
  Import took 0.006841 seconds .

========================================================================
Received Prepare
Registering precompiled user dll's ...
Registered in 0.001120 seconds.
Begin MonoManager ReloadAssembly
Native extension for LinuxStandalone target not found
Native extension for WindowsStandalone target not found
Native extension for OSXStandalone target not found
Native extension for WebGL target not found
Refreshing native plugins compatible for Editor in 0.25 ms, found 0 plugins.
Preloading 0 native plugins for Editor in 0.00 ms.
Invoked RoslynAnalysisRunner static constructor.
RoslynAnalysisRunner will not be running.
RoslynAnalysisRunner has terminated.
Mono: successfully reloaded assembly
- Completed reload, in  0.960 seconds
Platform modules already initialized, skipping
Refreshing native plugins compatible for Editor in 0.24 ms, found 0 plugins.
Preloading 0 native plugins for Editor in 0.00 ms.
Unloading 1117 Unused Serialized files (Serialized files now loaded: 0)
System memory in use before: 60.7 MB.
System memory in use after: 60.8 MB.

Unloading 5 unused Assets to reduce memory usage. Loaded Objects now: 1680.
Total: 3.216300 ms (FindLiveObjects: 0.222100 ms CreateObjectMapping: 0.037500 ms MarkObjects: 2.876800 ms  DeleteObjects: 0.078200 ms)

========================================================================
Received Prepare
Registering precompiled user dll's ...
Registered in 0.001024 seconds.
Begin MonoManager ReloadAssembly
Native extension for LinuxStandalone target not found
Native extension for WindowsStandalone target not found
Native extension for OSXStandalone target not found
Native extension for WebGL target not found
Refreshing native plugins compatible for Editor in 0.24 ms, found 0 plugins.
Preloading 0 native plugins for Editor in 0.00 ms.
Invoked RoslynAnalysisRunner static constructor.
RoslynAnalysisRunner will not be running.
RoslynAnalysisRunner has terminated.
Mono: successfully reloaded assembly
- Completed reload, in  0.969 seconds
Platform modules already initialized, skipping
Refreshing native plugins compatible for Editor in 0.66 ms, found 0 plugins.
Preloading 0 native plugins for Editor in 0.00 ms.
Unloading 1117 Unused Serialized files (Serialized files now loaded: 0)
System memory in use before: 60.7 MB.
System memory in use after: 60.8 MB.

Unloading 5 unused Assets to reduce memory usage. Loaded Objects now: 1683.
Total: 2.096500 ms (FindLiveObjects: 0.217100 ms CreateObjectMapping: 0.046000 ms MarkObjects: 1.752600 ms  DeleteObjects: 0.079900 ms)

========================================================================
Received Prepare
Registering precompiled user dll's ...
Registered in 0.001230 seconds.
Begin MonoManager ReloadAssembly
Native extension for LinuxStandalone target not found
Native extension for WindowsStandalone target not found
Native extension for OSXStandalone target not found
Native extension for WebGL target not found
Refreshing native plugins compatible for Editor in 0.26 ms, found 0 plugins.
Preloading 0 native plugins for Editor in 0.00 ms.
Invoked RoslynAnalysisRunner static constructor.
RoslynAnalysisRunner will not be running.
RoslynAnalysisRunner has terminated.
Mono: successfully reloaded assembly
- Completed reload, in  1.051 seconds
Platform modules already initialized, skipping
Refreshing native plugins compatible for Editor in 0.29 ms, found 0 plugins.
Preloading 0 native plugins for Editor in 0.00 ms.
Unloading 1117 Unused Serialized files (Serialized files now loaded: 0)
System memory in use before: 60.8 MB.
System memory in use after: 60.8 MB.

Unloading 5 unused Assets to reduce memory usage. Loaded Objects now: 1686.
Total: 3.896300 ms (FindLiveObjects: 0.396900 ms CreateObjectMapping: 0.052700 ms MarkObjects: 3.376800 ms  DeleteObjects: 0.067300 ms)

========================================================================
Received Prepare
Registering precompiled user dll's ...
Registered in 0.001577 seconds.
Begin MonoManager ReloadAssembly
Native extension for LinuxStandalone target not found
Native extension for WindowsStandalone target not found
Native extension for OSXStandalone target not found
Native extension for WebGL target not found
Refreshing native plugins compatible for Editor in 0.47 ms, found 0 plugins.
Preloading 0 native plugins for Editor in 0.00 ms.
Invoked RoslynAnalysisRunner static constructor.
RoslynAnalysisRunner will not be running.
RoslynAnalysisRunner has terminated.
Mono: successfully reloaded assembly
- Completed reload, in  1.044 seconds
Platform modules already initialized, skipping
Refreshing native plugins compatible for Editor in 0.55 ms, found 0 plugins.
Preloading 0 native plugins for Editor in 0.00 ms.
Unloading 1117 Unused Serialized files (Serialized files now loaded: 0)
System memory in use before: 60.8 MB.
System memory in use after: 60.8 MB.

Unloading 5 unused Assets to reduce memory usage. Loaded Objects now: 1689.
Total: 2.105600 ms (FindLiveObjects: 0.260400 ms CreateObjectMapping: 0.032700 ms MarkObjects: 1.743400 ms  DeleteObjects: 0.067900 ms)

========================================================================
Received Prepare
Registering precompiled user dll's ...
Registered in 0.001460 seconds.
Begin MonoManager ReloadAssembly
Native extension for LinuxStandalone target not found
Native extension for WindowsStandalone target not found
Native extension for OSXStandalone target not found
Native extension for WebGL target not found
Refreshing native plugins compatible for Editor in 0.26 ms, found 0 plugins.
Preloading 0 native plugins for Editor in 0.00 ms.
Invoked RoslynAnalysisRunner static constructor.
RoslynAnalysisRunner will not be running.
RoslynAnalysisRunner has terminated.
Mono: successfully reloaded assembly
- Completed reload, in  1.033 seconds
Platform modules already initialized, skipping
Refreshing native plugins compatible for Editor in 0.37 ms, found 0 plugins.
Preloading 0 native plugins for Editor in 0.00 ms.
Unloading 1117 Unused Serialized files (Serialized files now loaded: 0)
System memory in use before: 60.8 MB.
System memory in use after: 60.8 MB.

Unloading 5 unused Assets to reduce memory usage. Loaded Objects now: 1692.
Total: 2.731400 ms (FindLiveObjects: 0.438700 ms CreateObjectMapping: 0.054700 ms MarkObjects: 2.163700 ms  DeleteObjects: 0.071400 ms)

========================================================================
Received Import Request.
  Time since last request: 1476.921251 seconds.
  path: Assets/ghost.fbx
  artifactKey: Guid(2418b992a771b404a90dc95f405b9bad) Importer(815301076,1909f56bfc062723c751e8b465ee728b)
Start importing Assets/ghost.fbx using Guid(2418b992a771b404a90dc95f405b9bad) Importer(815301076,1909f56bfc062723c751e8b465ee728b)  -> (artifact id: 'cc6a31e842646c3c7c5cbb98f1299938') in 0.190636 seconds
  Import took 0.195317 seconds .

========================================================================
Received Import Request.
  Time since last request: 30.424711 seconds.
  path: Assets/ghost.fbx
  artifactKey: Guid(2418b992a771b404a90dc95f405b9bad) Importer(815301076,1909f56bfc062723c751e8b465ee728b)
Start importing Assets/ghost.fbx using Guid(2418b992a771b404a90dc95f405b9bad) Importer(815301076,1909f56bfc062723c751e8b465ee728b)  -> (artifact id: '90184bb0aca61c7319188a258c3aa479') in 0.020960 seconds
  Import took 0.025359 seconds .

========================================================================
Received Import Request.
  Time since last request: 0.000501 seconds.
  path: Assets/ghostMAT.mat
  artifactKey: Guid(d9564617657dedb47a956b4d8758abd6) Importer(815301076,1909f56bfc062723c751e8b465ee728b)
Start importing Assets/ghostMAT.mat using Guid(d9564617657dedb47a956b4d8758abd6) Importer(815301076,1909f56bfc062723c751e8b465ee728b)  -> (artifact id: '8cb5dc1764432cb5363c9e53716a3e3c') in 0.013101 seconds
  Import took 0.017055 seconds .

========================================================================
Received Import Request.
  Time since last request: 6.501200 seconds.
  path: Assets/ghost.fbx
  artifactKey: Guid(2418b992a771b404a90dc95f405b9bad) Importer(815301076,1909f56bfc062723c751e8b465ee728b)
Start importing Assets/ghost.fbx using Guid(2418b992a771b404a90dc95f405b9bad) Importer(815301076,1909f56bfc062723c751e8b465ee728b)  -> (artifact id: '15a832732e4d2e6c9f2875e95f7841a4') in 0.017236 seconds
  Import took 0.021430 seconds .

========================================================================
Received Import Request.
  Time since last request: 0.000495 seconds.
  path: Assets/ghostface.png
  artifactKey: Guid(37f0b92a22c28fd4988665262a8d1c60) Importer(815301076,1909f56bfc062723c751e8b465ee728b)
Start importing Assets/ghostface.png using Guid(37f0b92a22c28fd4988665262a8d1c60) Importer(815301076,1909f56bfc062723c751e8b465ee728b)  -> (artifact id: '276c96bc69f7fd1c66024b7199e033b5') in 0.013432 seconds
  Import took 0.017028 seconds .

========================================================================
Received Import Request.
  Time since last request: 459.160042 seconds.
  path: Assets/Floor.mat
  artifactKey: Guid(369fd122141c08a48be8e669175fc454) Importer(815301076,1909f56bfc062723c751e8b465ee728b)
Start importing Assets/Floor.mat using Guid(369fd122141c08a48be8e669175fc454) Importer(815301076,1909f56bfc062723c751e8b465ee728b)  -> (artifact id: '3891d1290ce5051074bcc524d24807e7') in 0.017140 seconds
  Import took 0.021024 seconds .

========================================================================
Received Import Request.
  Time since last request: 0.000530 seconds.
  path: Assets/ghostMAT.mat
  artifactKey: Guid(d9564617657dedb47a956b4d8758abd6) Importer(815301076,1909f56bfc062723c751e8b465ee728b)
Start importing Assets/ghostMAT.mat using Guid(d9564617657dedb47a956b4d8758abd6) Importer(815301076,1909f56bfc062723c751e8b465ee728b)  -> (artifact id: '6783a068c1bfe60e4090fb2c609bff32') in 0.013331 seconds
  Import took 0.017063 seconds .

========================================================================
Received Import Request.
  Time since last request: 0.000525 seconds.
  path: Assets/player.mat
  artifactKey: Guid(130a185d904585c4281f2a55bf64ca73) Importer(815301076,1909f56bfc062723c751e8b465ee728b)
Start importing Assets/player.mat using Guid(130a185d904585c4281f2a55bf64ca73) Importer(815301076,1909f56bfc062723c751e8b465ee728b)  -> (artifact id: '0caf5663eb83510ec5023d597e8b976f') in 0.010818 seconds
  Import took 0.014537 seconds .

AssetImportWorkerClient::OnTransportError - code=2 error=End of file
