Using pre-set license
Built from '2020.3/staging' branch; Version is '2020.3.3f1 (76626098c1c4) revision 7758432'; Using compiler version '192528614'; Build Type 'Release'
OS: 'Windows 10 Enterprise; OS build 19043.1165; Version 2009; 64bit' Language: 'en' Physical Memory: 24503 MB
BatchMode: 1, IsHumanControllingUs: 0, StartBugReporterOnCrash: 0, Is64bit: 1, IsPro: 0

 COMMAND LINE ARGUMENTS:
C:\Program Files\Unity\Hub\Editor\2020.3.3f1\Editor\Unity.exe
-adb2
-batchMode
-noUpm
-name
AssetImportWorker0
-projectPath
C:/Users/chris-speedy/Documents/unity_projects/super_smashy_game
-logFile
Logs/AssetImportWorker0.log
-srvPort
49707
Successfully changed project path to: C:/Users/chris-speedy/Documents/unity_projects/super_smashy_game
C:/Users/chris-speedy/Documents/unity_projects/super_smashy_game
Using Asset Import Pipeline V2.
Refreshing native plugins compatible for Editor in 25.59 ms, found 0 plugins.
Preloading 0 native plugins for Editor in 0.00 ms.
Initialize engine version: 2020.3.3f1 (76626098c1c4)
[Subsystems] Discovering subsystems at path C:/Program Files/Unity/Hub/Editor/2020.3.3f1/Editor/Data/Resources/UnitySubsystems
[Subsystems] Discovering subsystems at path C:/Users/chris-speedy/Documents/unity_projects/super_smashy_game/Assets
GfxDevice: creating device client; threaded=0
Direct3D:
    Version:  Direct3D 11.0 [level 11.1]
    Renderer: NVIDIA GeForce GTX 1060 6GB (ID=0x1c03)
    Vendor:   
    VRAM:     6052 MB
    Driver:   27.21.14.6079
Initialize mono
Mono path[0] = 'C:/Program Files/Unity/Hub/Editor/2020.3.3f1/Editor/Data/Managed'
Mono path[1] = 'C:/Program Files/Unity/Hub/Editor/2020.3.3f1/Editor/Data/MonoBleedingEdge/lib/mono/unityjit'
Mono config path = 'C:/Program Files/Unity/Hub/Editor/2020.3.3f1/Editor/Data/MonoBleedingEdge/etc'
Using monoOptions --debugger-agent=transport=dt_socket,embedding=1,server=y,suspend=n,address=127.0.0.1:56228
Begin MonoManager ReloadAssembly
Registering precompiled unity dll's ...
Register platform support module: C:/Program Files/Unity/Hub/Editor/2020.3.3f1/Editor/Data/PlaybackEngines/WebGLSupport/UnityEditor.WebGL.Extensions.dll
Register platform support module: C:/Program Files/Unity/Hub/Editor/2020.3.3f1/Editor/Data/PlaybackEngines/MacStandaloneSupport/UnityEditor.OSXStandalone.Extensions.dll
Register platform support module: C:/Program Files/Unity/Hub/Editor/2020.3.3f1/Editor/Data/PlaybackEngines/WindowsStandaloneSupport/UnityEditor.WindowsStandalone.Extensions.dll
Register platform support module: C:/Program Files/Unity/Hub/Editor/2020.3.3f1/Editor/Data/PlaybackEngines/LinuxStandaloneSupport/UnityEditor.LinuxStandalone.Extensions.dll
Registered in 0.005095 seconds.
Native extension for LinuxStandalone target not found
Native extension for WindowsStandalone target not found
Native extension for OSXStandalone target not found
Native extension for WebGL target not found
Refreshing native plugins compatible for Editor in 26.51 ms, found 0 plugins.
Preloading 0 native plugins for Editor in 0.00 ms.
Invoked RoslynAnalysisRunner static constructor.
RoslynAnalysisRunner will not be running.
RoslynAnalysisRunner has terminated.
Mono: successfully reloaded assembly
- Completed reload, in  1.642 seconds
Platform modules already initialized, skipping
Registering precompiled user dll's ...
Registered in 0.001001 seconds.
Begin MonoManager ReloadAssembly
Native extension for LinuxStandalone target not found
Native extension for WindowsStandalone target not found
Native extension for OSXStandalone target not found
Native extension for WebGL target not found
Refreshing native plugins compatible for Editor in 0.28 ms, found 0 plugins.
Preloading 0 native plugins for Editor in 0.00 ms.
Invoked RoslynAnalysisRunner static constructor.
RoslynAnalysisRunner will not be running.
RoslynAnalysisRunner has terminated.
Mono: successfully reloaded assembly
- Completed reload, in  0.952 seconds
Platform modules already initialized, skipping
========================================================================
Worker process is ready to serve import requests
Launched and connected shader compiler UnityShaderCompiler.exe after 0.05 seconds
Refreshing native plugins compatible for Editor in 0.24 ms, found 0 plugins.
Preloading 0 native plugins for Editor in 0.00 ms.
Unloading 1122 Unused Serialized files (Serialized files now loaded: 0)
System memory in use before: 57.3 MB.
System memory in use after: 57.3 MB.

Unloading 10 unused Assets to reduce memory usage. Loaded Objects now: 1564.
Total: 1.975600 ms (FindLiveObjects: 0.179100 ms CreateObjectMapping: 0.029000 ms MarkObjects: 1.672400 ms  DeleteObjects: 0.093300 ms)

========================================================================
Received Import Request.
  path: Assets/Materials
  artifactKey: Guid(9de519c5cbdea634c8a448fde6e5fea1) Importer(815301076,1909f56bfc062723c751e8b465ee728b)
Start importing Assets/Materials using Guid(9de519c5cbdea634c8a448fde6e5fea1) Importer(815301076,1909f56bfc062723c751e8b465ee728b)  -> (artifact id: '602a17bddac6bccb683729673b7fce8d') in 0.005252 seconds
  Import took 0.007371 seconds .

========================================================================
Received Import Request.
  Time since last request: 2.142529 seconds.
  path: Assets/Scripts
  artifactKey: Guid(5325abf31ff6830449c0c592b66190d1) Importer(815301076,1909f56bfc062723c751e8b465ee728b)
Start importing Assets/Scripts using Guid(5325abf31ff6830449c0c592b66190d1) Importer(815301076,1909f56bfc062723c751e8b465ee728b)  -> (artifact id: '741b824744ae7fd7d46a167d827635c2') in 0.002738 seconds
  Import took 0.005015 seconds .

========================================================================
Received Prepare
Registering precompiled user dll's ...
Registered in 0.000958 seconds.
Begin MonoManager ReloadAssembly
Native extension for LinuxStandalone target not found
Native extension for WindowsStandalone target not found
Native extension for OSXStandalone target not found
Native extension for WebGL target not found
Refreshing native plugins compatible for Editor in 0.25 ms, found 0 plugins.
Preloading 0 native plugins for Editor in 0.00 ms.
Invoked RoslynAnalysisRunner static constructor.
RoslynAnalysisRunner will not be running.
RoslynAnalysisRunner has terminated.
Mono: successfully reloaded assembly
- Completed reload, in  0.895 seconds
Platform modules already initialized, skipping
Refreshing native plugins compatible for Editor in 0.25 ms, found 0 plugins.
Preloading 0 native plugins for Editor in 0.00 ms.
Unloading 1117 Unused Serialized files (Serialized files now loaded: 0)
System memory in use before: 57.2 MB.
System memory in use after: 57.3 MB.

Unloading 5 unused Assets to reduce memory usage. Loaded Objects now: 1567.
Total: 1.887400 ms (FindLiveObjects: 0.202600 ms CreateObjectMapping: 0.032000 ms MarkObjects: 1.590600 ms  DeleteObjects: 0.060900 ms)

========================================================================
Received Import Request.
  Time since last request: 41.621490 seconds.
  path: Assets/Materials/Eye.mat
  artifactKey: Guid(714038b2460c5f74fa792014d49dcd5d) Importer(815301076,1909f56bfc062723c751e8b465ee728b)
Start importing Assets/Materials/Eye.mat using Guid(714038b2460c5f74fa792014d49dcd5d) Importer(815301076,1909f56bfc062723c751e8b465ee728b)  -> (artifact id: '332b0456070662524ddf259fa72bc829') in 0.131439 seconds
  Import took 0.133763 seconds .

========================================================================
Received Import Request.
  Time since last request: 216.052783 seconds.
  path: Assets/Materials/groundNRM.png
  artifactKey: Guid(9dbffc3aa1dfa754f8f01da5ceef7b0c) Importer(815301076,1909f56bfc062723c751e8b465ee728b)
Start importing Assets/Materials/groundNRM.png using Guid(9dbffc3aa1dfa754f8f01da5ceef7b0c) Importer(815301076,1909f56bfc062723c751e8b465ee728b)  -> (artifact id: '6f6270893fccb4d949140920bc8d8e74') in 0.035976 seconds
  Import took 0.038576 seconds .

========================================================================
Received Import Request.
  Time since last request: 0.030316 seconds.
  path: Assets/Materials/groundNRM.png
  artifactKey: Guid(9dbffc3aa1dfa754f8f01da5ceef7b0c) Importer(815301076,1909f56bfc062723c751e8b465ee728b)
Start importing Assets/Materials/groundNRM.png using Guid(9dbffc3aa1dfa754f8f01da5ceef7b0c) Importer(815301076,1909f56bfc062723c751e8b465ee728b)  -> (artifact id: '6f6270893fccb4d949140920bc8d8e74') in 0.012002 seconds
  Import took 0.014407 seconds .

========================================================================
Received Import Request.
  Time since last request: 16.528576 seconds.
  path: Assets/Materials/groundNRM.png
  artifactKey: Guid(9dbffc3aa1dfa754f8f01da5ceef7b0c) Importer(815301076,1909f56bfc062723c751e8b465ee728b)
Start importing Assets/Materials/groundNRM.png using Guid(9dbffc3aa1dfa754f8f01da5ceef7b0c) Importer(815301076,1909f56bfc062723c751e8b465ee728b)  -> (artifact id: 'd93af1b4331112b0c3843cad3e70f584') in 0.024870 seconds
  Import took 0.027294 seconds .

========================================================================
Received Import Request.
  Time since last request: 194.738770 seconds.
  path: Assets/Materials/Sky.mat
  artifactKey: Guid(b47b1e883fce5c04b851d6d81ed0d5f7) Importer(815301076,1909f56bfc062723c751e8b465ee728b)
Start importing Assets/Materials/Sky.mat using Guid(b47b1e883fce5c04b851d6d81ed0d5f7) Importer(815301076,1909f56bfc062723c751e8b465ee728b)  -> (artifact id: '206ac05059fd7515d6b9d870d5989f9f') in 0.009797 seconds
  Import took 0.012476 seconds .

========================================================================
Received Prepare
Registering precompiled user dll's ...
Registered in 0.000968 seconds.
Begin MonoManager ReloadAssembly
Native extension for LinuxStandalone target not found
Native extension for WindowsStandalone target not found
Native extension for OSXStandalone target not found
Native extension for WebGL target not found
Refreshing native plugins compatible for Editor in 0.26 ms, found 0 plugins.
Preloading 0 native plugins for Editor in 0.00 ms.
Invoked RoslynAnalysisRunner static constructor.
RoslynAnalysisRunner will not be running.
RoslynAnalysisRunner has terminated.
Mono: successfully reloaded assembly
- Completed reload, in  0.890 seconds
Platform modules already initialized, skipping
Refreshing native plugins compatible for Editor in 0.25 ms, found 0 plugins.
Preloading 0 native plugins for Editor in 0.00 ms.
Unloading 1117 Unused Serialized files (Serialized files now loaded: 0)
System memory in use before: 60.6 MB.
System memory in use after: 60.7 MB.

Unloading 5 unused Assets to reduce memory usage. Loaded Objects now: 1613.
Total: 1.913800 ms (FindLiveObjects: 0.246800 ms CreateObjectMapping: 0.040000 ms MarkObjects: 1.566500 ms  DeleteObjects: 0.059400 ms)

========================================================================
Received Import Request.
  Time since last request: 119.695556 seconds.
  path: Assets/Materials/blue.mat
  artifactKey: Guid(471c6319a914e3040a91e0c742a58ff4) Importer(815301076,1909f56bfc062723c751e8b465ee728b)
Start importing Assets/Materials/blue.mat using Guid(471c6319a914e3040a91e0c742a58ff4) Importer(815301076,1909f56bfc062723c751e8b465ee728b)  -> (artifact id: '44fe4b6f538271c1655f4c1a0b1c3c95') in 0.062938 seconds
  Import took 0.065068 seconds .

========================================================================
Received Prepare
Registering precompiled user dll's ...
Registered in 0.001080 seconds.
Begin MonoManager ReloadAssembly
Native extension for LinuxStandalone target not found
Native extension for WindowsStandalone target not found
Native extension for OSXStandalone target not found
Native extension for WebGL target not found
Refreshing native plugins compatible for Editor in 0.27 ms, found 0 plugins.
Preloading 0 native plugins for Editor in 0.00 ms.
Invoked RoslynAnalysisRunner static constructor.
RoslynAnalysisRunner will not be running.
RoslynAnalysisRunner has terminated.
Mono: successfully reloaded assembly
- Completed reload, in  0.906 seconds
Platform modules already initialized, skipping
Refreshing native plugins compatible for Editor in 0.24 ms, found 0 plugins.
Preloading 0 native plugins for Editor in 0.00 ms.
Unloading 1117 Unused Serialized files (Serialized files now loaded: 0)
System memory in use before: 60.6 MB.
System memory in use after: 60.7 MB.

Unloading 5 unused Assets to reduce memory usage. Loaded Objects now: 1617.
Total: 1.906500 ms (FindLiveObjects: 0.180200 ms CreateObjectMapping: 0.036100 ms MarkObjects: 1.627400 ms  DeleteObjects: 0.062000 ms)

========================================================================
Received Import Request.
  Time since last request: 366.006363 seconds.
  path: Assets/Materials/mars.mat
  artifactKey: Guid(6cb5bd3da5a209f4d993a6b3b984229d) Importer(815301076,1909f56bfc062723c751e8b465ee728b)
Start importing Assets/Materials/mars.mat using Guid(6cb5bd3da5a209f4d993a6b3b984229d) Importer(815301076,1909f56bfc062723c751e8b465ee728b)  -> (artifact id: '33df869695b5c80b6ea19b36e3dce934') in 0.070482 seconds
  Import took 0.072816 seconds .

========================================================================
Received Import Request.
  Time since last request: 17.989690 seconds.
  path: Assets/Materials/blue.mat
  artifactKey: Guid(471c6319a914e3040a91e0c742a58ff4) Importer(815301076,1909f56bfc062723c751e8b465ee728b)
Start importing Assets/Materials/blue.mat using Guid(471c6319a914e3040a91e0c742a58ff4) Importer(815301076,1909f56bfc062723c751e8b465ee728b)  -> (artifact id: 'aa1766cc0dda02c9ffbad81d97595b5f') in 0.018359 seconds
  Import took 0.020865 seconds .

========================================================================
Received Import Request.
  Time since last request: 0.000375 seconds.
  path: Assets/Materials/Floor.mat
  artifactKey: Guid(369fd122141c08a48be8e669175fc454) Importer(815301076,1909f56bfc062723c751e8b465ee728b)
Start importing Assets/Materials/Floor.mat using Guid(369fd122141c08a48be8e669175fc454) Importer(815301076,1909f56bfc062723c751e8b465ee728b)  -> (artifact id: '9f0c786a94bca529b18d72feb9836595') in 0.012401 seconds
  Import took 0.014392 seconds .

========================================================================
Received Import Request.
  Time since last request: 0.000358 seconds.
  path: Assets/Materials/Eye.mat
  artifactKey: Guid(714038b2460c5f74fa792014d49dcd5d) Importer(815301076,1909f56bfc062723c751e8b465ee728b)
Start importing Assets/Materials/Eye.mat using Guid(714038b2460c5f74fa792014d49dcd5d) Importer(815301076,1909f56bfc062723c751e8b465ee728b)  -> (artifact id: 'ff4b1f2458a6e6b94fea65b84aa5575f') in 0.010488 seconds
  Import took 0.012551 seconds .

========================================================================
Received Import Request.
  Time since last request: 0.000314 seconds.
  path: Assets/Materials/Sky.mat
  artifactKey: Guid(b47b1e883fce5c04b851d6d81ed0d5f7) Importer(815301076,1909f56bfc062723c751e8b465ee728b)
Start importing Assets/Materials/Sky.mat using Guid(b47b1e883fce5c04b851d6d81ed0d5f7) Importer(815301076,1909f56bfc062723c751e8b465ee728b)  -> (artifact id: 'fb207db8fe242725038944f562c517a8') in 0.009918 seconds
  Import took 0.012008 seconds .

========================================================================
Received Import Request.
  Time since last request: 2.627565 seconds.
  path: Assets/Materials/mars 1.mat
  artifactKey: Guid(1c708b6a2cdd99f49910e3d1d11a9d77) Importer(815301076,1909f56bfc062723c751e8b465ee728b)
Start importing Assets/Materials/mars 1.mat using Guid(1c708b6a2cdd99f49910e3d1d11a9d77) Importer(815301076,1909f56bfc062723c751e8b465ee728b)  -> (artifact id: '5dd1a5a271520bcc4dd20e4fe2a503bb') in 0.012214 seconds
  Import took 0.015465 seconds .

========================================================================
Received Import Request.
  Time since last request: 22.067058 seconds.
  path: Assets/Materials/2k_jupiter.jpg
  artifactKey: Guid(67ff11c27785dc843af1c37c9b5c990c) Importer(815301076,1909f56bfc062723c751e8b465ee728b)
Start importing Assets/Materials/2k_jupiter.jpg using Guid(67ff11c27785dc843af1c37c9b5c990c) Importer(815301076,1909f56bfc062723c751e8b465ee728b)  -> (artifact id: '47087a25e3338b64df8923735271b725') in 0.060305 seconds
  Import took 0.062624 seconds .

========================================================================
Received Import Request.
  Time since last request: 0.000368 seconds.
  path: Assets/Materials/2k_mercury.jpg
  artifactKey: Guid(9373835d9641f8f43bbd92de10a55e37) Importer(815301076,1909f56bfc062723c751e8b465ee728b)
Start importing Assets/Materials/2k_mercury.jpg using Guid(9373835d9641f8f43bbd92de10a55e37) Importer(815301076,1909f56bfc062723c751e8b465ee728b)  -> (artifact id: 'c179e8ab5a24140b4b00a3920ff60450') in 0.009551 seconds
  Import took 0.011872 seconds .

========================================================================
Received Import Request.
  Time since last request: 0.000294 seconds.
  path: Assets/Materials/2k_mars.jpg
  artifactKey: Guid(bd760356be089bd47b4adf32ba3e11bf) Importer(815301076,1909f56bfc062723c751e8b465ee728b)
Start importing Assets/Materials/2k_mars.jpg using Guid(bd760356be089bd47b4adf32ba3e11bf) Importer(815301076,1909f56bfc062723c751e8b465ee728b)  -> (artifact id: '7b9fd8b88db9688cf0b970f7e0ade97c') in 0.015176 seconds
  Import took 0.017680 seconds .

========================================================================
Received Import Request.
  Time since last request: 52.855273 seconds.
  path: Assets/Materials/2k_mars.jpg
  artifactKey: Guid(bd760356be089bd47b4adf32ba3e11bf) Importer(815301076,1909f56bfc062723c751e8b465ee728b)
Start importing Assets/Materials/2k_mars.jpg using Guid(bd760356be089bd47b4adf32ba3e11bf) Importer(815301076,1909f56bfc062723c751e8b465ee728b)  -> (artifact id: 'aa088a59977dc671b9eb89afe7f14dc9') in 0.009313 seconds
  Import took 0.011646 seconds .

========================================================================
Received Import Request.
  Time since last request: 12.376165 seconds.
  path: Assets/Materials/2k_mars.jpg
  artifactKey: Guid(bd760356be089bd47b4adf32ba3e11bf) Importer(815301076,1909f56bfc062723c751e8b465ee728b)
Start importing Assets/Materials/2k_mars.jpg using Guid(bd760356be089bd47b4adf32ba3e11bf) Importer(815301076,1909f56bfc062723c751e8b465ee728b)  -> (artifact id: 'ae491b871650dc77801e827cb4f49699') in 0.011227 seconds
  Import took 0.014380 seconds .

========================================================================
Received Import Request.
  Time since last request: 263.183880 seconds.
  path: Assets/Materials/Materials
  artifactKey: Guid(81e70e12fde3f6f4c8598064ceb54b04) Importer(815301076,1909f56bfc062723c751e8b465ee728b)
Start importing Assets/Materials/Materials using Guid(81e70e12fde3f6f4c8598064ceb54b04) Importer(815301076,1909f56bfc062723c751e8b465ee728b)  -> (artifact id: '6a94aad99e190c35d6ef403087a588f5') in 0.002569 seconds
  Import took 0.004822 seconds .

========================================================================
Received Import Request.
  Time since last request: 0.000500 seconds.
  path: Assets/Materials/Materials
  artifactKey: Guid(81e70e12fde3f6f4c8598064ceb54b04) Importer(815301076,1909f56bfc062723c751e8b465ee728b)
Start importing Assets/Materials/Materials using Guid(81e70e12fde3f6f4c8598064ceb54b04) Importer(815301076,1909f56bfc062723c751e8b465ee728b)  -> (artifact id: '6a94aad99e190c35d6ef403087a588f5') in 0.002453 seconds
  Import took 0.004415 seconds .

========================================================================
Received Import Request.
  Time since last request: 0.042229 seconds.
  path: Assets/Materials/Materials/groundDIFF.mat
  artifactKey: Guid(66e4a43ce0835cd4983302c7d5c7b25f) Importer(815301076,1909f56bfc062723c751e8b465ee728b)
Start importing Assets/Materials/Materials/groundDIFF.mat using Guid(66e4a43ce0835cd4983302c7d5c7b25f) Importer(815301076,1909f56bfc062723c751e8b465ee728b)  -> (artifact id: 'f7f25bf0e9c9508236cb621ffe437861') in 0.010936 seconds
  Import took 0.013152 seconds .

========================================================================
Received Prepare
Registering precompiled user dll's ...
Registered in 0.001005 seconds.
Begin MonoManager ReloadAssembly
Native extension for LinuxStandalone target not found
Native extension for WindowsStandalone target not found
Native extension for OSXStandalone target not found
Native extension for WebGL target not found
Refreshing native plugins compatible for Editor in 0.25 ms, found 0 plugins.
Preloading 0 native plugins for Editor in 0.00 ms.
Invoked RoslynAnalysisRunner static constructor.
RoslynAnalysisRunner will not be running.
RoslynAnalysisRunner has terminated.
Mono: successfully reloaded assembly
- Completed reload, in  0.893 seconds
Platform modules already initialized, skipping
Refreshing native plugins compatible for Editor in 0.24 ms, found 0 plugins.
Preloading 0 native plugins for Editor in 0.00 ms.
Unloading 1117 Unused Serialized files (Serialized files now loaded: 0)
System memory in use before: 60.7 MB.
System memory in use after: 60.8 MB.

Unloading 5 unused Assets to reduce memory usage. Loaded Objects now: 1623.
Total: 1.955200 ms (FindLiveObjects: 0.199400 ms CreateObjectMapping: 0.040400 ms MarkObjects: 1.652600 ms  DeleteObjects: 0.062000 ms)

========================================================================
Received Prepare
Registering precompiled user dll's ...
Registered in 0.000947 seconds.
Begin MonoManager ReloadAssembly
Native extension for LinuxStandalone target not found
Native extension for WindowsStandalone target not found
Native extension for OSXStandalone target not found
Native extension for WebGL target not found
Refreshing native plugins compatible for Editor in 0.29 ms, found 0 plugins.
Preloading 0 native plugins for Editor in 0.00 ms.
Invoked RoslynAnalysisRunner static constructor.
RoslynAnalysisRunner will not be running.
RoslynAnalysisRunner has terminated.
Mono: successfully reloaded assembly
- Completed reload, in  0.902 seconds
Platform modules already initialized, skipping
Refreshing native plugins compatible for Editor in 0.24 ms, found 0 plugins.
Preloading 0 native plugins for Editor in 0.00 ms.
Unloading 1117 Unused Serialized files (Serialized files now loaded: 0)
System memory in use before: 60.7 MB.
System memory in use after: 60.8 MB.

Unloading 5 unused Assets to reduce memory usage. Loaded Objects now: 1626.
Total: 1.865000 ms (FindLiveObjects: 0.174300 ms CreateObjectMapping: 0.037300 ms MarkObjects: 1.594200 ms  DeleteObjects: 0.058300 ms)

========================================================================
Received Prepare
Registering precompiled user dll's ...
Registered in 0.000992 seconds.
Begin MonoManager ReloadAssembly
Native extension for LinuxStandalone target not found
Native extension for WindowsStandalone target not found
Native extension for OSXStandalone target not found
Native extension for WebGL target not found
Refreshing native plugins compatible for Editor in 0.26 ms, found 0 plugins.
Preloading 0 native plugins for Editor in 0.00 ms.
Invoked RoslynAnalysisRunner static constructor.
RoslynAnalysisRunner will not be running.
RoslynAnalysisRunner has terminated.
Mono: successfully reloaded assembly
- Completed reload, in  0.910 seconds
Platform modules already initialized, skipping
Refreshing native plugins compatible for Editor in 0.25 ms, found 0 plugins.
Preloading 0 native plugins for Editor in 0.00 ms.
Unloading 1117 Unused Serialized files (Serialized files now loaded: 0)
System memory in use before: 60.7 MB.
System memory in use after: 60.8 MB.

Unloading 5 unused Assets to reduce memory usage. Loaded Objects now: 1629.
Total: 1.822100 ms (FindLiveObjects: 0.164700 ms CreateObjectMapping: 0.030400 ms MarkObjects: 1.568300 ms  DeleteObjects: 0.057700 ms)

========================================================================
Received Import Request.
  Time since last request: 896.639199 seconds.
  path: Assets/Materials/red.mat
  artifactKey: Guid(181ecdacffc70174d9296a2813240e69) Importer(815301076,1909f56bfc062723c751e8b465ee728b)
Start importing Assets/Materials/red.mat using Guid(181ecdacffc70174d9296a2813240e69) Importer(815301076,1909f56bfc062723c751e8b465ee728b)  -> (artifact id: '98275e7d5f3db70fd175775536f8638d') in 0.062085 seconds
  Import took 0.064466 seconds .

========================================================================
Received Prepare
Registering precompiled user dll's ...
Registered in 0.001026 seconds.
Begin MonoManager ReloadAssembly
Native extension for LinuxStandalone target not found
Native extension for WindowsStandalone target not found
Native extension for OSXStandalone target not found
Native extension for WebGL target not found
Refreshing native plugins compatible for Editor in 0.25 ms, found 0 plugins.
Preloading 0 native plugins for Editor in 0.00 ms.
Invoked RoslynAnalysisRunner static constructor.
RoslynAnalysisRunner will not be running.
RoslynAnalysisRunner has terminated.
Mono: successfully reloaded assembly
- Completed reload, in  0.905 seconds
Platform modules already initialized, skipping
Refreshing native plugins compatible for Editor in 0.28 ms, found 0 plugins.
Preloading 0 native plugins for Editor in 0.00 ms.
Unloading 1117 Unused Serialized files (Serialized files now loaded: 0)
System memory in use before: 60.7 MB.
System memory in use after: 60.8 MB.

Unloading 5 unused Assets to reduce memory usage. Loaded Objects now: 1633.
Total: 1.830700 ms (FindLiveObjects: 0.160600 ms CreateObjectMapping: 0.034900 ms MarkObjects: 1.580000 ms  DeleteObjects: 0.054200 ms)

AssetImportWorkerClient::OnTransportError - code=2 error=End of file
